[36m--[0m Using CATKIN_DEVEL_PREFIX: /home/elikos/tracking_ws/devel/.private/tracking
[36m--[0m Using CMAKE_PREFIX_PATH: /home/elikos/tracking_ws/devel;/opt/ros/indigo
[36m--[0m This workspace overlays: /home/elikos/tracking_ws/devel;/opt/ros/indigo
[36m--[0m Using PYTHON_EXECUTABLE: /usr/bin/python
[36m--[0m Using Debian Python package layout
[36m--[0m Using empy: /usr/bin/empy
[36m--[0m Using CATKIN_ENABLE_TESTING: ON
[36m--[0m Call enable_testing()
[36m--[0m Using CATKIN_TEST_RESULTS_DIR: /home/elikos/tracking_ws/build/tracking/test_results
[36m--[0m Found gtest sources under '/usr/src/gtest': gtests will be built
[36m--[0m Using Python nosetests: /usr/bin/nosetests-2.7
[36m--[0m catkin 0.6.18
[36m--[0m Using these message generators: gencpp;genlisp;genpy
[31m[1mCMake Error[0m at /home/elikos/tracking_ws/build/tracking/cmake/tracking-genmsg.cmake:3 (message):
  Could not find messages which
  '/home/elikos/tracking_ws/src/tracking/msg/RobotPos.msg' depends on.  Did
  you forget to specify generate_messages(DEPENDENCIES ...)?

  Cannot locate message [Point]: unknown package [geometry_msgs] on search
  path [{{'tracking': ['/home/elikos/tracking_ws/src/tracking/msg'],
  'std_msgs': ['/opt/ros/indigo/share/std_msgs/cmake/../msg']}}]
[36mCall Stack (most recent call first):[0m
  /opt/ros/indigo/share/genmsg/cmake/genmsg-extras.cmake:307 (include)
  CMakeLists.txt:64 (generate_messages)


[36m--[0m Configuring incomplete, errors occurred!
See also "/home/elikos/tracking_ws/build/tracking/CMakeFiles/CMakeOutput.log".
See also "/home/elikos/tracking_ws/build/tracking/CMakeFiles/CMakeError.log".
make: *** [cmake_check_build_system] Error 1
