CMakeFiles/tracking_node.dir/tracking.cpp.o: In function `subCallback(boost::shared_ptr<geometry_msgs::Point_<std::allocator<void> > const> const&)':
tracking.cpp:(.text+0x12): undefined reference to `ros::console::g_initialized'
tracking.cpp:(.text+0x22): undefined reference to `ros::console::initialize()'
tracking.cpp:(.text+0x6b): undefined reference to `ros::console::initializeLogLocation(ros::console::LogLocation*, std::string const&, ros::console::levels::Level)'
tracking.cpp:(.text+0xa6): undefined reference to `ros::console::setLogLocationLevel(ros::console::LogLocation*, ros::console::levels::Level)'
tracking.cpp:(.text+0xb0): undefined reference to `ros::console::checkLogLocationEnabled(ros::console::LogLocation*)'
tracking.cpp:(.text+0x146): undefined reference to `ros::console::print(ros::console::FilterBase*, void*, ros::console::levels::Level, char const*, int, char const*, char const*, ...)'
CMakeFiles/tracking_node.dir/tracking.cpp.o: In function `main':
tracking.cpp:(.text+0x1e1): undefined reference to `ros::init(int&, char**, std::string const&, unsigned int)'
tracking.cpp:(.text+0x23d): undefined reference to `ros::NodeHandle::NodeHandle(std::string const&, std::map<std::string, std::string, std::less<std::string>, std::allocator<std::pair<std::string const, std::string> > > const&)'
tracking.cpp:(.text+0x312): undefined reference to `ros::spin()'
tracking.cpp:(.text+0x326): undefined reference to `ros::Subscriber::~Subscriber()'
tracking.cpp:(.text+0x335): undefined reference to `ros::NodeHandle::~NodeHandle()'
tracking.cpp:(.text+0x393): undefined reference to `ros::NodeHandle::~NodeHandle()'
tracking.cpp:(.text+0x3c4): undefined reference to `ros::NodeHandle::~NodeHandle()'
tracking.cpp:(.text+0x3f5): undefined reference to `ros::Subscriber::~Subscriber()'
tracking.cpp:(.text+0x42c): undefined reference to `ros::Subscriber::~Subscriber()'
tracking.cpp:(.text+0x440): undefined reference to `ros::Subscriber::~Subscriber()'
tracking.cpp:(.text+0x454): undefined reference to `ros::NodeHandle::~NodeHandle()'
CMakeFiles/tracking_node.dir/tracking.cpp.o: In function `ros::Subscriber ros::NodeHandle::subscribe<geometry_msgs::Point_<std::allocator<void> > >(std::string const&, unsigned int, void (*)(boost::shared_ptr<geometry_msgs::Point_<std::allocator<void> > const> const&), ros::TransportHints const&)':
tracking.cpp:(.text._ZN3ros10NodeHandle9subscribeIN13geometry_msgs6Point_ISaIvEEEEENS_10SubscriberERKSsjPFvRKN5boost10shared_ptrIKT_EEERKNS_14TransportHintsE[_ZN3ros10NodeHandle9subscribeIN13geometry_msgs6Point_ISaIvEEEEENS_10SubscriberERKSsjPFvRKN5boost10shared_ptrIKT_EEERKNS_14TransportHintsE]+0xfd): undefined reference to `ros::NodeHandle::subscribe(ros::SubscribeOptions&)'
CMakeFiles/tracking_node.dir/tracking.cpp.o: In function `ros::SubscriptionCallbackHelperT<boost::shared_ptr<geometry_msgs::Point_<std::allocator<void> > const> const&, void>::deserialize(ros::SubscriptionCallbackHelperDeserializeParams const&)':
tracking.cpp:(.text._ZN3ros27SubscriptionCallbackHelperTIRKN5boost10shared_ptrIKN13geometry_msgs6Point_ISaIvEEEEEvE11deserializeERKNS_43SubscriptionCallbackHelperDeserializeParamsE[_ZN3ros27SubscriptionCallbackHelperTIRKN5boost10shared_ptrIKN13geometry_msgs6Point_ISaIvEEEEEvE11deserializeERKNS_43SubscriptionCallbackHelperDeserializeParamsE]+0x49): undefined reference to `ros::console::g_initialized'
tracking.cpp:(.text._ZN3ros27SubscriptionCallbackHelperTIRKN5boost10shared_ptrIKN13geometry_msgs6Point_ISaIvEEEEEvE11deserializeERKNS_43SubscriptionCallbackHelperDeserializeParamsE[_ZN3ros27SubscriptionCallbackHelperTIRKN5boost10shared_ptrIKN13geometry_msgs6Point_ISaIvEEEEEvE11deserializeERKNS_43SubscriptionCallbackHelperDeserializeParamsE]+0x59): undefined reference to `ros::console::initialize()'
tracking.cpp:(.text._ZN3ros27SubscriptionCallbackHelperTIRKN5boost10shared_ptrIKN13geometry_msgs6Point_ISaIvEEEEEvE11deserializeERKNS_43SubscriptionCallbackHelperDeserializeParamsE[_ZN3ros27SubscriptionCallbackHelperTIRKN5boost10shared_ptrIKN13geometry_msgs6Point_ISaIvEEEEEvE11deserializeERKNS_43SubscriptionCallbackHelperDeserializeParamsE]+0xa2): undefined reference to `ros::console::initializeLogLocation(ros::console::LogLocation*, std::string const&, ros::console::levels::Level)'
tracking.cpp:(.text._ZN3ros27SubscriptionCallbackHelperTIRKN5boost10shared_ptrIKN13geometry_msgs6Point_ISaIvEEEEEvE11deserializeERKNS_43SubscriptionCallbackHelperDeserializeParamsE[_ZN3ros27SubscriptionCallbackHelperTIRKN5boost10shared_ptrIKN13geometry_msgs6Point_ISaIvEEEEEvE11deserializeERKNS_43SubscriptionCallbackHelperDeserializeParamsE]+0xdc): undefined reference to `ros::console::setLogLocationLevel(ros::console::LogLocation*, ros::console::levels::Level)'
tracking.cpp:(.text._ZN3ros27SubscriptionCallbackHelperTIRKN5boost10shared_ptrIKN13geometry_msgs6Point_ISaIvEEEEEvE11deserializeERKNS_43SubscriptionCallbackHelperDeserializeParamsE[_ZN3ros27SubscriptionCallbackHelperTIRKN5boost10shared_ptrIKN13geometry_msgs6Point_ISaIvEEEEEvE11deserializeERKNS_43SubscriptionCallbackHelperDeserializeParamsE]+0xe6): undefined reference to `ros::console::checkLogLocationEnabled(ros::console::LogLocation*)'
tracking.cpp:(.text._ZN3ros27SubscriptionCallbackHelperTIRKN5boost10shared_ptrIKN13geometry_msgs6Point_ISaIvEEEEEvE11deserializeERKNS_43SubscriptionCallbackHelperDeserializeParamsE[_ZN3ros27SubscriptionCallbackHelperTIRKN5boost10shared_ptrIKN13geometry_msgs6Point_ISaIvEEEEEvE11deserializeERKNS_43SubscriptionCallbackHelperDeserializeParamsE]+0x152): undefined reference to `ros::console::print(ros::console::FilterBase*, void*, ros::console::levels::Level, char const*, int, char const*, char const*, ...)'
CMakeFiles/tracking_node.dir/tracking.cpp.o: In function `void ros::serialization::Serializer<double>::read<ros::serialization::IStream>(ros::serialization::IStream&, double&)':
tracking.cpp:(.text._ZN3ros13serialization10SerializerIdE4readINS0_7IStreamEEEvRT_Rd[_ZN3ros13serialization10SerializerIdE4readINS0_7IStreamEEEvRT_Rd]+0x53): undefined reference to `ros::serialization::throwStreamOverrun()'
collect2: error: ld returned 1 exit status
make[2]: *** [/home/elikos/tracking_ws/devel/.private/tracking/lib/tracking/tracking_node] Error 1
make[1]: *** [CMakeFiles/tracking_node.dir/all] Error 2
make[1]: *** Waiting for unfinished jobs....
CMakeFiles/dummy_pos_node.dir/dummy_pos.cpp.o: In function `main':
dummy_pos.cpp:(.text+0x61): undefined reference to `ros::init(int&, char**, std::string const&, unsigned int)'
dummy_pos.cpp:(.text+0xbd): undefined reference to `ros::NodeHandle::NodeHandle(std::string const&, std::map<std::string, std::string, std::less<std::string>, std::allocator<std::pair<std::string const, std::string> > > const&)'
dummy_pos.cpp:(.text+0x173): undefined reference to `ros::Rate::Rate(double)'
dummy_pos.cpp:(.text+0x1c6): undefined reference to `ros::console::g_initialized'
dummy_pos.cpp:(.text+0x1d6): undefined reference to `ros::console::initialize()'
dummy_pos.cpp:(.text+0x22b): undefined reference to `ros::console::initializeLogLocation(ros::console::LogLocation*, std::string const&, ros::console::levels::Level)'
dummy_pos.cpp:(.text+0x26c): undefined reference to `ros::console::setLogLocationLevel(ros::console::LogLocation*, ros::console::levels::Level)'
dummy_pos.cpp:(.text+0x276): undefined reference to `ros::console::checkLogLocationEnabled(ros::console::LogLocation*)'
dummy_pos.cpp:(.text+0x308): undefined reference to `ros::console::print(ros::console::FilterBase*, void*, ros::console::levels::Level, char const*, int, char const*, char const*, ...)'
dummy_pos.cpp:(.text+0x326): undefined reference to `ros::spinOnce()'
dummy_pos.cpp:(.text+0x335): undefined reference to `ros::Rate::sleep()'
dummy_pos.cpp:(.text+0x341): undefined reference to `ros::ok()'
dummy_pos.cpp:(.text+0x36c): undefined reference to `ros::Publisher::~Publisher()'
dummy_pos.cpp:(.text+0x37b): undefined reference to `ros::NodeHandle::~NodeHandle()'
dummy_pos.cpp:(.text+0x3d9): undefined reference to `ros::NodeHandle::~NodeHandle()'
dummy_pos.cpp:(.text+0x40a): undefined reference to `ros::NodeHandle::~NodeHandle()'
dummy_pos.cpp:(.text+0x43b): undefined reference to `ros::Publisher::~Publisher()'
dummy_pos.cpp:(.text+0x49f): undefined reference to `ros::Publisher::~Publisher()'
dummy_pos.cpp:(.text+0x4b3): undefined reference to `ros::NodeHandle::~NodeHandle()'
CMakeFiles/dummy_pos_node.dir/dummy_pos.cpp.o: In function `ros::Publisher ros::NodeHandle::advertise<geometry_msgs::Point_<std::allocator<void> > >(std::string const&, unsigned int, bool)':
dummy_pos.cpp:(.text._ZN3ros10NodeHandle9advertiseIN13geometry_msgs6Point_ISaIvEEEEENS_9PublisherERKSsjb[_ZN3ros10NodeHandle9advertiseIN13geometry_msgs6Point_ISaIvEEEEENS_9PublisherERKSsjb]+0xce): undefined reference to `ros::NodeHandle::advertise(ros::AdvertiseOptions&)'
CMakeFiles/dummy_pos_node.dir/dummy_pos.cpp.o: In function `void ros::Publisher::publish<geometry_msgs::Point_<std::allocator<void> > >(geometry_msgs::Point_<std::allocator<void> > const&) const':
dummy_pos.cpp:(.text._ZNK3ros9Publisher7publishIN13geometry_msgs6Point_ISaIvEEEEEvRKT_[_ZNK3ros9Publisher7publishIN13geometry_msgs6Point_ISaIvEEEEEvRKT_]+0x38): undefined reference to `ros::console::g_initialized'
dummy_pos.cpp:(.text._ZNK3ros9Publisher7publishIN13geometry_msgs6Point_ISaIvEEEEEvRKT_[_ZNK3ros9Publisher7publishIN13geometry_msgs6Point_ISaIvEEEEEvRKT_]+0x48): undefined reference to `ros::console::initialize()'
dummy_pos.cpp:(.text._ZNK3ros9Publisher7publishIN13geometry_msgs6Point_ISaIvEEEEEvRKT_[_ZNK3ros9Publisher7publishIN13geometry_msgs6Point_ISaIvEEEEEvRKT_]+0x91): undefined reference to `ros::console::initializeLogLocation(ros::console::LogLocation*, std::string const&, ros::console::levels::Level)'
dummy_pos.cpp:(.text._ZNK3ros9Publisher7publishIN13geometry_msgs6Point_ISaIvEEEEEvRKT_[_ZNK3ros9Publisher7publishIN13geometry_msgs6Point_ISaIvEEEEEvRKT_]+0xcc): undefined reference to `ros::console::setLogLocationLevel(ros::console::LogLocation*, ros::console::levels::Level)'
dummy_pos.cpp:(.text._ZNK3ros9Publisher7publishIN13geometry_msgs6Point_ISaIvEEEEEvRKT_[_ZNK3ros9Publisher7publishIN13geometry_msgs6Point_ISaIvEEEEEvRKT_]+0xd6): undefined reference to `ros::console::checkLogLocationEnabled(ros::console::LogLocation*)'
dummy_pos.cpp:(.text._ZNK3ros9Publisher7publishIN13geometry_msgs6Point_ISaIvEEEEEvRKT_[_ZNK3ros9Publisher7publishIN13geometry_msgs6Point_ISaIvEEEEEvRKT_]+0x141): undefined reference to `ros::console::print(ros::console::FilterBase*, void*, ros::console::levels::Level, char const*, int, char const*, char const*, ...)'
dummy_pos.cpp:(.text._ZNK3ros9Publisher7publishIN13geometry_msgs6Point_ISaIvEEEEEvRKT_[_ZNK3ros9Publisher7publishIN13geometry_msgs6Point_ISaIvEEEEEvRKT_]+0x148): undefined reference to `ros::console::g_initialized'
dummy_pos.cpp:(.text._ZNK3ros9Publisher7publishIN13geometry_msgs6Point_ISaIvEEEEEvRKT_[_ZNK3ros9Publisher7publishIN13geometry_msgs6Point_ISaIvEEEEEvRKT_]+0x158): undefined reference to `ros::console::initialize()'
dummy_pos.cpp:(.text._ZNK3ros9Publisher7publishIN13geometry_msgs6Point_ISaIvEEEEEvRKT_[_ZNK3ros9Publisher7publishIN13geometry_msgs6Point_ISaIvEEEEEvRKT_]+0x1a1): undefined reference to `ros::console::initializeLogLocation(ros::console::LogLocation*, std::string const&, ros::console::levels::Level)'
dummy_pos.cpp:(.text._ZNK3ros9Publisher7publishIN13geometry_msgs6Point_ISaIvEEEEEvRKT_[_ZNK3ros9Publisher7publishIN13geometry_msgs6Point_ISaIvEEEEEvRKT_]+0x1dc): undefined reference to `ros::console::setLogLocationLevel(ros::console::LogLocation*, ros::console::levels::Level)'
dummy_pos.cpp:(.text._ZNK3ros9Publisher7publishIN13geometry_msgs6Point_ISaIvEEEEEvRKT_[_ZNK3ros9Publisher7publishIN13geometry_msgs6Point_ISaIvEEEEEvRKT_]+0x1e6): undefined reference to `ros::console::checkLogLocationEnabled(ros::console::LogLocation*)'
dummy_pos.cpp:(.text._ZNK3ros9Publisher7publishIN13geometry_msgs6Point_ISaIvEEEEEvRKT_[_ZNK3ros9Publisher7publishIN13geometry_msgs6Point_ISaIvEEEEEvRKT_]+0x237): undefined reference to `ros::console::print(ros::console::FilterBase*, void*, ros::console::levels::Level, char const*, int, char const*, char const*, ...)'
dummy_pos.cpp:(.text._ZNK3ros9Publisher7publishIN13geometry_msgs6Point_ISaIvEEEEEvRKT_[_ZNK3ros9Publisher7publishIN13geometry_msgs6Point_ISaIvEEEEEvRKT_]+0x23e): undefined reference to `ros::console::g_initialized'
dummy_pos.cpp:(.text._ZNK3ros9Publisher7publishIN13geometry_msgs6Point_ISaIvEEEEEvRKT_[_ZNK3ros9Publisher7publishIN13geometry_msgs6Point_ISaIvEEEEEvRKT_]+0x24e): undefined reference to `ros::console::initialize()'
dummy_pos.cpp:(.text._ZNK3ros9Publisher7publishIN13geometry_msgs6Point_ISaIvEEEEEvRKT_[_ZNK3ros9Publisher7publishIN13geometry_msgs6Point_ISaIvEEEEEvRKT_]+0x297): undefined reference to `ros::console::initializeLogLocation(ros::console::LogLocation*, std::string const&, ros::console::levels::Level)'
dummy_pos.cpp:(.text._ZNK3ros9Publisher7publishIN13geometry_msgs6Point_ISaIvEEEEEvRKT_[_ZNK3ros9Publisher7publishIN13geometry_msgs6Point_ISaIvEEEEEvRKT_]+0x2d2): undefined reference to `ros::console::setLogLocationLevel(ros::console::LogLocation*, ros::console::levels::Level)'
dummy_pos.cpp:(.text._ZNK3ros9Publisher7publishIN13geometry_msgs6Point_ISaIvEEEEEvRKT_[_ZNK3ros9Publisher7publishIN13geometry_msgs6Point_ISaIvEEEEEvRKT_]+0x2dc): undefined reference to `ros::console::checkLogLocationEnabled(ros::console::LogLocation*)'
dummy_pos.cpp:(.text._ZNK3ros9Publisher7publishIN13geometry_msgs6Point_ISaIvEEEEEvRKT_[_ZNK3ros9Publisher7publishIN13geometry_msgs6Point_ISaIvEEEEEvRKT_]+0x32d): undefined reference to `ros::console::print(ros::console::FilterBase*, void*, ros::console::levels::Level, char const*, int, char const*, char const*, ...)'
dummy_pos.cpp:(.text._ZNK3ros9Publisher7publishIN13geometry_msgs6Point_ISaIvEEEEEvRKT_[_ZNK3ros9Publisher7publishIN13geometry_msgs6Point_ISaIvEEEEEvRKT_]+0x34a): undefined reference to `ros::Publisher::Impl::isValid() const'
dummy_pos.cpp:(.text._ZNK3ros9Publisher7publishIN13geometry_msgs6Point_ISaIvEEEEEvRKT_[_ZNK3ros9Publisher7publishIN13geometry_msgs6Point_ISaIvEEEEEvRKT_]+0x35c): undefined reference to `ros::console::g_initialized'
dummy_pos.cpp:(.text._ZNK3ros9Publisher7publishIN13geometry_msgs6Point_ISaIvEEEEEvRKT_[_ZNK3ros9Publisher7publishIN13geometry_msgs6Point_ISaIvEEEEEvRKT_]+0x36c): undefined reference to `ros::console::initialize()'
dummy_pos.cpp:(.text._ZNK3ros9Publisher7publishIN13geometry_msgs6Point_ISaIvEEEEEvRKT_[_ZNK3ros9Publisher7publishIN13geometry_msgs6Point_ISaIvEEEEEvRKT_]+0x3b5): undefined reference to `ros::console::initializeLogLocation(ros::console::LogLocation*, std::string const&, ros::console::levels::Level)'
dummy_pos.cpp:(.text._ZNK3ros9Publisher7publishIN13geometry_msgs6Point_ISaIvEEEEEvRKT_[_ZNK3ros9Publisher7publishIN13geometry_msgs6Point_ISaIvEEEEEvRKT_]+0x3f0): undefined reference to `ros::console::setLogLocationLevel(ros::console::LogLocation*, ros::console::levels::Level)'
dummy_pos.cpp:(.text._ZNK3ros9Publisher7publishIN13geometry_msgs6Point_ISaIvEEEEEvRKT_[_ZNK3ros9Publisher7publishIN13geometry_msgs6Point_ISaIvEEEEEvRKT_]+0x3fa): undefined reference to `ros::console::checkLogLocationEnabled(ros::console::LogLocation*)'
dummy_pos.cpp:(.text._ZNK3ros9Publisher7publishIN13geometry_msgs6Point_ISaIvEEEEEvRKT_[_ZNK3ros9Publisher7publishIN13geometry_msgs6Point_ISaIvEEEEEvRKT_]+0x465): undefined reference to `ros::console::print(ros::console::FilterBase*, void*, ros::console::levels::Level, char const*, int, char const*, char const*, ...)'
dummy_pos.cpp:(.text._ZNK3ros9Publisher7publishIN13geometry_msgs6Point_ISaIvEEEEEvRKT_[_ZNK3ros9Publisher7publishIN13geometry_msgs6Point_ISaIvEEEEEvRKT_]+0x46c): undefined reference to `ros::console::g_initialized'
dummy_pos.cpp:(.text._ZNK3ros9Publisher7publishIN13geometry_msgs6Point_ISaIvEEEEEvRKT_[_ZNK3ros9Publisher7publishIN13geometry_msgs6Point_ISaIvEEEEEvRKT_]+0x47c): undefined reference to `ros::console::initialize()'
dummy_pos.cpp:(.text._ZNK3ros9Publisher7publishIN13geometry_msgs6Point_ISaIvEEEEEvRKT_[_ZNK3ros9Publisher7publishIN13geometry_msgs6Point_ISaIvEEEEEvRKT_]+0x4c5): undefined reference to `ros::console::initializeLogLocation(ros::console::LogLocation*, std::string const&, ros::console::levels::Level)'
dummy_pos.cpp:(.text._ZNK3ros9Publisher7publishIN13geometry_msgs6Point_ISaIvEEEEEvRKT_[_ZNK3ros9Publisher7publishIN13geometry_msgs6Point_ISaIvEEEEEvRKT_]+0x500): undefined reference to `ros::console::setLogLocationLevel(ros::console::LogLocation*, ros::console::levels::Level)'
dummy_pos.cpp:(.text._ZNK3ros9Publisher7publishIN13geometry_msgs6Point_ISaIvEEEEEvRKT_[_ZNK3ros9Publisher7publishIN13geometry_msgs6Point_ISaIvEEEEEvRKT_]+0x50a): undefined reference to `ros::console::checkLogLocationEnabled(ros::console::LogLocation*)'
dummy_pos.cpp:(.text._ZNK3ros9Publisher7publishIN13geometry_msgs6Point_ISaIvEEEEEvRKT_[_ZNK3ros9Publisher7publishIN13geometry_msgs6Point_ISaIvEEEEEvRKT_]+0x574): undefined reference to `ros::console::print(ros::console::FilterBase*, void*, ros::console::levels::Level, char const*, int, char const*, char const*, ...)'
dummy_pos.cpp:(.text._ZNK3ros9Publisher7publishIN13geometry_msgs6Point_ISaIvEEEEEvRKT_[_ZNK3ros9Publisher7publishIN13geometry_msgs6Point_ISaIvEEEEEvRKT_]+0x57b): undefined reference to `ros::console::g_initialized'
dummy_pos.cpp:(.text._ZNK3ros9Publisher7publishIN13geometry_msgs6Point_ISaIvEEEEEvRKT_[_ZNK3ros9Publisher7publishIN13geometry_msgs6Point_ISaIvEEEEEvRKT_]+0x58b): undefined reference to `ros::console::initialize()'
dummy_pos.cpp:(.text._ZNK3ros9Publisher7publishIN13geometry_msgs6Point_ISaIvEEEEEvRKT_[_ZNK3ros9Publisher7publishIN13geometry_msgs6Point_ISaIvEEEEEvRKT_]+0x5d4): undefined reference to `ros::console::initializeLogLocation(ros::console::LogLocation*, std::string const&, ros::console::levels::Level)'
dummy_pos.cpp:(.text._ZNK3ros9Publisher7publishIN13geometry_msgs6Point_ISaIvEEEEEvRKT_[_ZNK3ros9Publisher7publishIN13geometry_msgs6Point_ISaIvEEEEEvRKT_]+0x60f): undefined reference to `ros::console::setLogLocationLevel(ros::console::LogLocation*, ros::console::levels::Level)'
dummy_pos.cpp:(.text._ZNK3ros9Publisher7publishIN13geometry_msgs6Point_ISaIvEEEEEvRKT_[_ZNK3ros9Publisher7publishIN13geometry_msgs6Point_ISaIvEEEEEvRKT_]+0x619): undefined reference to `ros::console::checkLogLocationEnabled(ros::console::LogLocation*)'
dummy_pos.cpp:(.text._ZNK3ros9Publisher7publishIN13geometry_msgs6Point_ISaIvEEEEEvRKT_[_ZNK3ros9Publisher7publishIN13geometry_msgs6Point_ISaIvEEEEEvRKT_]+0x66a): undefined reference to `ros::console::print(ros::console::FilterBase*, void*, ros::console::levels::Level, char const*, int, char const*, char const*, ...)'
dummy_pos.cpp:(.text._ZNK3ros9Publisher7publishIN13geometry_msgs6Point_ISaIvEEEEEvRKT_[_ZNK3ros9Publisher7publishIN13geometry_msgs6Point_ISaIvEEEEEvRKT_]+0x784): undefined reference to `ros::console::g_initialized'
dummy_pos.cpp:(.text._ZNK3ros9Publisher7publishIN13geometry_msgs6Point_ISaIvEEEEEvRKT_[_ZNK3ros9Publisher7publishIN13geometry_msgs6Point_ISaIvEEEEEvRKT_]+0x794): undefined reference to `ros::console::initialize()'
dummy_pos.cpp:(.text._ZNK3ros9Publisher7publishIN13geometry_msgs6Point_ISaIvEEEEEvRKT_[_ZNK3ros9Publisher7publishIN13geometry_msgs6Point_ISaIvEEEEEvRKT_]+0x7dd): undefined reference to `ros::console::initializeLogLocation(ros::console::LogLocation*, std::string const&, ros::console::levels::Level)'
dummy_pos.cpp:(.text._ZNK3ros9Publisher7publishIN13geometry_msgs6Point_ISaIvEEEEEvRKT_[_ZNK3ros9Publisher7publishIN13geometry_msgs6Point_ISaIvEEEEEvRKT_]+0x818): undefined reference to `ros::console::setLogLocationLevel(ros::console::LogLocation*, ros::console::levels::Level)'
dummy_pos.cpp:(.text._ZNK3ros9Publisher7publishIN13geometry_msgs6Point_ISaIvEEEEEvRKT_[_ZNK3ros9Publisher7publishIN13geometry_msgs6Point_ISaIvEEEEEvRKT_]+0x822): undefined reference to `ros::console::checkLogLocationEnabled(ros::console::LogLocation*)'
dummy_pos.cpp:(.text._ZNK3ros9Publisher7publishIN13geometry_msgs6Point_ISaIvEEEEEvRKT_[_ZNK3ros9Publisher7publishIN13geometry_msgs6Point_ISaIvEEEEEvRKT_]+0x88d): undefined reference to `ros::console::print(ros::console::FilterBase*, void*, ros::console::levels::Level, char const*, int, char const*, char const*, ...)'
dummy_pos.cpp:(.text._ZNK3ros9Publisher7publishIN13geometry_msgs6Point_ISaIvEEEEEvRKT_[_ZNK3ros9Publisher7publishIN13geometry_msgs6Point_ISaIvEEEEEvRKT_]+0x894): undefined reference to `ros::console::g_initialized'
dummy_pos.cpp:(.text._ZNK3ros9Publisher7publishIN13geometry_msgs6Point_ISaIvEEEEEvRKT_[_ZNK3ros9Publisher7publishIN13geometry_msgs6Point_ISaIvEEEEEvRKT_]+0x8a4): undefined reference to `ros::console::initialize()'
dummy_pos.cpp:(.text._ZNK3ros9Publisher7publishIN13geometry_msgs6Point_ISaIvEEEEEvRKT_[_ZNK3ros9Publisher7publishIN13geometry_msgs6Point_ISaIvEEEEEvRKT_]+0x8ed): undefined reference to `ros::console::initializeLogLocation(ros::console::LogLocation*, std::string const&, ros::console::levels::Level)'
dummy_pos.cpp:(.text._ZNK3ros9Publisher7publishIN13geometry_msgs6Point_ISaIvEEEEEvRKT_[_ZNK3ros9Publisher7publishIN13geometry_msgs6Point_ISaIvEEEEEvRKT_]+0x928): undefined reference to `ros::console::setLogLocationLevel(ros::console::LogLocation*, ros::console::levels::Level)'
dummy_pos.cpp:(.text._ZNK3ros9Publisher7publishIN13geometry_msgs6Point_ISaIvEEEEEvRKT_[_ZNK3ros9Publisher7publishIN13geometry_msgs6Point_ISaIvEEEEEvRKT_]+0x932): undefined reference to `ros::console::checkLogLocationEnabled(ros::console::LogLocation*)'
dummy_pos.cpp:(.text._ZNK3ros9Publisher7publishIN13geometry_msgs6Point_ISaIvEEEEEvRKT_[_ZNK3ros9Publisher7publishIN13geometry_msgs6Point_ISaIvEEEEEvRKT_]+0x9f5): undefined reference to `ros::console::print(ros::console::FilterBase*, void*, ros::console::levels::Level, char const*, int, char const*, char const*, ...)'
dummy_pos.cpp:(.text._ZNK3ros9Publisher7publishIN13geometry_msgs6Point_ISaIvEEEEEvRKT_[_ZNK3ros9Publisher7publishIN13geometry_msgs6Point_ISaIvEEEEEvRKT_]+0x9fc): undefined reference to `ros::console::g_initialized'
dummy_pos.cpp:(.text._ZNK3ros9Publisher7publishIN13geometry_msgs6Point_ISaIvEEEEEvRKT_[_ZNK3ros9Publisher7publishIN13geometry_msgs6Point_ISaIvEEEEEvRKT_]+0xa0c): undefined reference to `ros::console::initialize()'
dummy_pos.cpp:(.text._ZNK3ros9Publisher7publishIN13geometry_msgs6Point_ISaIvEEEEEvRKT_[_ZNK3ros9Publisher7publishIN13geometry_msgs6Point_ISaIvEEEEEvRKT_]+0xa55): undefined reference to `ros::console::initializeLogLocation(ros::console::LogLocation*, std::string const&, ros::console::levels::Level)'
dummy_pos.cpp:(.text._ZNK3ros9Publisher7publishIN13geometry_msgs6Point_ISaIvEEEEEvRKT_[_ZNK3ros9Publisher7publishIN13geometry_msgs6Point_ISaIvEEEEEvRKT_]+0xa90): undefined reference to `ros::console::setLogLocationLevel(ros::console::LogLocation*, ros::console::levels::Level)'
dummy_pos.cpp:(.text._ZNK3ros9Publisher7publishIN13geometry_msgs6Point_ISaIvEEEEEvRKT_[_ZNK3ros9Publisher7publishIN13geometry_msgs6Point_ISaIvEEEEEvRKT_]+0xa9a): undefined reference to `ros::console::checkLogLocationEnabled(ros::console::LogLocation*)'
dummy_pos.cpp:(.text._ZNK3ros9Publisher7publishIN13geometry_msgs6Point_ISaIvEEEEEvRKT_[_ZNK3ros9Publisher7publishIN13geometry_msgs6Point_ISaIvEEEEEvRKT_]+0xaeb): undefined reference to `ros::console::print(ros::console::FilterBase*, void*, ros::console::levels::Level, char const*, int, char const*, char const*, ...)'
dummy_pos.cpp:(.text._ZNK3ros9Publisher7publishIN13geometry_msgs6Point_ISaIvEEEEEvRKT_[_ZNK3ros9Publisher7publishIN13geometry_msgs6Point_ISaIvEEEEEvRKT_]+0xb48): undefined reference to `ros::Publisher::publish(boost::function<ros::SerializedMessage ()> const&, ros::SerializedMessage&) const'
CMakeFiles/dummy_pos_node.dir/dummy_pos.cpp.o: In function `void ros::serialization::Serializer<unsigned int>::write<ros::serialization::OStream>(ros::serialization::OStream&, unsigned int)':
dummy_pos.cpp:(.text._ZN3ros13serialization10SerializerIjE5writeINS0_7OStreamEEEvRT_j[_ZN3ros13serialization10SerializerIjE5writeINS0_7OStreamEEEvRT_j]+0x52): undefined reference to `ros::serialization::throwStreamOverrun()'
CMakeFiles/dummy_pos_node.dir/dummy_pos.cpp.o: In function `void ros::serialization::Serializer<double>::write<ros::serialization::OStream>(ros::serialization::OStream&, double)':
dummy_pos.cpp:(.text._ZN3ros13serialization10SerializerIdE5writeINS0_7OStreamEEEvRT_d[_ZN3ros13serialization10SerializerIdE5writeINS0_7OStreamEEEvRT_d]+0x54): undefined reference to `ros::serialization::throwStreamOverrun()'
collect2: error: ld returned 1 exit status
make[2]: *** [/home/elikos/tracking_ws/devel/.private/tracking/lib/tracking/dummy_pos_node] Error 1
make[1]: *** [CMakeFiles/dummy_pos_node.dir/all] Error 2
make: *** [all] Error 2
