[35m[1mScanning dependencies of target roscpp_generate_messages_lisp
[35m[1mScanning dependencies of target rosgraph_msgs_generate_messages_lisp
[35m[1mScanning dependencies of target rosgraph_msgs_generate_messages_py
[0m[0m[0m[35m[1mScanning dependencies of target roscpp_generate_messages_py
[0m[  0%] Built target rosgraph_msgs_generate_messages_lisp
[  0%] [  0%] Built target roscpp_generate_messages_lisp
Built target rosgraph_msgs_generate_messages_py
[  0%] [35m[1mScanning dependencies of target rosgraph_msgs_generate_messages_cpp
[0mBuilt target roscpp_generate_messages_py
[35m[1mScanning dependencies of target roscpp_generate_messages_cpp
[35m[1mScanning dependencies of target std_msgs_generate_messages_lisp
[0m[0m[  0%] [  0%] [35m[1mScanning dependencies of target std_msgs_generate_messages_py
Built target rosgraph_msgs_generate_messages_cpp
[0m[  0%] Built target roscpp_generate_messages_cpp
Built target std_msgs_generate_messages_lisp
[  0%] [35m[1mScanning dependencies of target geometry_msgs_generate_messages_lisp
Built target std_msgs_generate_messages_py
[0m[35m[1mScanning dependencies of target geometry_msgs_generate_messages_py
[0m[35m[1mScanning dependencies of target std_msgs_generate_messages_cpp
[0m[  0%] [35m[1mScanning dependencies of target geometry_msgs_generate_messages_cpp
[0m[  0%] Built target geometry_msgs_generate_messages_lisp
Built target geometry_msgs_generate_messages_py
[  0%] [  0%] Built target std_msgs_generate_messages_cpp
Built target geometry_msgs_generate_messages_cpp
[35m[1mScanning dependencies of target dummy_pos_node
[35m[1mScanning dependencies of target tracking_node
[0m[0m[100%] [100%] [32mBuilding CXX object CMakeFiles/dummy_pos_node.dir/dummy_pos.cpp.o
[32mBuilding CXX object CMakeFiles/tracking_node.dir/tracking.cpp.o
[0m[0m[31m[1mLinking CXX executable /home/elikos/tracking_ws/devel/.private/tracking/lib/tracking/dummy_pos_node
[0m[31m[1mLinking CXX executable /home/elikos/tracking_ws/devel/.private/tracking/lib/tracking/tracking_node
[0m[100%] Built target dummy_pos_node
[100%] Built target tracking_node
